mode: atomic
github.com/robocat-ai/robocat/internal/logger/logger.go:12.29,17.21 3 3
github.com/robocat-ai/robocat/internal/logger/logger.go:25.2,28.16 2 3
github.com/robocat-ai/robocat/internal/logger/logger.go:32.2,32.15 1 3
github.com/robocat-ai/robocat/internal/logger/logger.go:17.21,21.3 3 1
github.com/robocat-ai/robocat/internal/logger/logger.go:21.8,23.3 1 2
github.com/robocat-ai/robocat/internal/logger/logger.go:28.16,30.3 1 3
github.com/robocat-ai/robocat/internal/logger/logger.go:36.32,41.16 3 3
github.com/robocat-ai/robocat/internal/logger/logger.go:46.2,46.18 1 3
github.com/robocat-ai/robocat/internal/logger/logger.go:41.16,43.13 2 0
github.com/robocat-ai/robocat/internal/logger/logger.go:49.50,51.2 1 1
github.com/robocat-ai/robocat/pkg/client/events.go:11.65,13.9 2 8
github.com/robocat-ai/robocat/pkg/client/events.go:17.2,17.75 1 8
github.com/robocat-ai/robocat/pkg/client/events.go:13.9,15.3 1 8
github.com/robocat-ai/robocat/pkg/client/events.go:20.42,22.2 1 8
github.com/robocat-ai/robocat/pkg/client/events.go:24.75,28.8 3 24
github.com/robocat-ai/robocat/pkg/client/events.go:28.8,29.38 1 24
github.com/robocat-ai/robocat/pkg/client/events.go:29.38,31.4 1 24
github.com/robocat-ai/robocat/pkg/client/flow.go:17.35,18.18 1 7
github.com/robocat-ai/robocat/pkg/client/flow.go:22.2,22.21 1 4
github.com/robocat-ai/robocat/pkg/client/flow.go:18.18,20.3 1 3
github.com/robocat-ai/robocat/pkg/client/flow.go:25.31,29.2 3 3
github.com/robocat-ai/robocat/pkg/client/flow.go:31.46,33.2 1 3
github.com/robocat-ai/robocat/pkg/client/flow.go:35.36,36.21 1 3
github.com/robocat-ai/robocat/pkg/client/flow.go:40.2,40.16 1 3
github.com/robocat-ai/robocat/pkg/client/flow.go:36.22,38.3 0 0
github.com/robocat-ai/robocat/pkg/client/flow.go:43.47,45.2 1 1
github.com/robocat-ai/robocat/pkg/client/flow.go:47.50,49.2 1 1
github.com/robocat-ai/robocat/pkg/client/command_flow.go:17.54,25.2 1 3
github.com/robocat-ai/robocat/pkg/client/command_flow.go:27.72,30.2 2 0
github.com/robocat-ai/robocat/pkg/client/command_flow.go:32.74,35.2 2 0
github.com/robocat-ai/robocat/pkg/client/command_flow.go:37.85,40.2 2 2
github.com/robocat-ai/robocat/pkg/client/command_flow.go:42.51,50.16 3 3
github.com/robocat-ai/robocat/pkg/client/command_flow.go:55.2,60.76 4 3
github.com/robocat-ai/robocat/pkg/client/command_flow.go:81.2,81.12 1 3
github.com/robocat-ai/robocat/pkg/client/command_flow.go:99.2,99.13 1 3
github.com/robocat-ai/robocat/pkg/client/command_flow.go:50.16,53.3 2 0
github.com/robocat-ai/robocat/pkg/client/command_flow.go:60.76,61.25 1 19
github.com/robocat-ai/robocat/pkg/client/command_flow.go:61.25,62.33 1 4
github.com/robocat-ai/robocat/pkg/client/command_flow.go:62.33,64.5 1 1
github.com/robocat-ai/robocat/pkg/client/command_flow.go:65.9,65.29 1 15
github.com/robocat-ai/robocat/pkg/client/command_flow.go:65.29,67.4 1 12
github.com/robocat-ai/robocat/pkg/client/command_flow.go:67.9,67.31 1 3
github.com/robocat-ai/robocat/pkg/client/command_flow.go:67.31,70.4 2 1
github.com/robocat-ai/robocat/pkg/client/command_flow.go:70.9,70.32 1 2
github.com/robocat-ai/robocat/pkg/client/command_flow.go:70.32,72.18 2 2
github.com/robocat-ai/robocat/pkg/client/command_flow.go:77.4,77.26 1 2
github.com/robocat-ai/robocat/pkg/client/command_flow.go:72.18,75.5 2 0
github.com/robocat-ai/robocat/pkg/client/command_flow.go:81.12,85.7 3 3
github.com/robocat-ai/robocat/pkg/client/command_flow.go:85.7,86.11 1 3
github.com/robocat-ai/robocat/pkg/client/command_flow.go:87.22,88.46 1 2
github.com/robocat-ai/robocat/pkg/client/command_flow.go:91.5,91.11 1 2
github.com/robocat-ai/robocat/pkg/client/command_flow.go:92.37,94.11 2 1
github.com/robocat-ai/robocat/pkg/client/command_flow.go:88.46,90.6 1 0
github.com/robocat-ai/robocat/pkg/client/command_input.go:7.52,9.2 1 3
github.com/robocat-ai/robocat/pkg/client/command_ping.go:12.31,14.16 2 1
github.com/robocat-ai/robocat/pkg/client/command_ping.go:18.2,21.60 3 1
github.com/robocat-ai/robocat/pkg/client/command_ping.go:30.2,34.16 3 1
github.com/robocat-ai/robocat/pkg/client/command_ping.go:38.2,38.12 1 1
github.com/robocat-ai/robocat/pkg/client/command_ping.go:14.16,16.3 1 0
github.com/robocat-ai/robocat/pkg/client/command_ping.go:21.60,22.23 1 1
github.com/robocat-ai/robocat/pkg/client/command_ping.go:28.3,28.12 1 1
github.com/robocat-ai/robocat/pkg/client/command_ping.go:22.23,24.4 1 0
github.com/robocat-ai/robocat/pkg/client/command_ping.go:24.9,24.26 1 1
github.com/robocat-ai/robocat/pkg/client/command_ping.go:24.26,26.4 1 0
github.com/robocat-ai/robocat/pkg/client/command_ping.go:34.16,36.3 1 0
github.com/robocat-ai/robocat/pkg/client/command_stop.go:12.31,14.16 2 1
github.com/robocat-ai/robocat/pkg/client/command_stop.go:18.2,21.60 3 1
github.com/robocat-ai/robocat/pkg/client/command_stop.go:32.2,36.16 3 1
github.com/robocat-ai/robocat/pkg/client/command_stop.go:42.2,44.12 2 1
github.com/robocat-ai/robocat/pkg/client/command_stop.go:14.16,16.3 1 0
github.com/robocat-ai/robocat/pkg/client/command_stop.go:21.60,22.25 1 1
github.com/robocat-ai/robocat/pkg/client/command_stop.go:30.3,30.12 1 1
github.com/robocat-ai/robocat/pkg/client/command_stop.go:22.25,24.4 1 0
github.com/robocat-ai/robocat/pkg/client/command_stop.go:24.9,24.34 1 1
github.com/robocat-ai/robocat/pkg/client/command_stop.go:24.34,26.4 1 0
github.com/robocat-ai/robocat/pkg/client/command_stop.go:26.9,26.26 1 1
github.com/robocat-ai/robocat/pkg/client/command_stop.go:26.26,28.4 1 0
github.com/robocat-ai/robocat/pkg/client/command_stop.go:36.16,38.3 1 0
github.com/robocat-ai/robocat/pkg/client/stream.go:14.51,15.22 1 41
github.com/robocat-ai/robocat/pkg/client/stream.go:19.2,19.18 1 41
github.com/robocat-ai/robocat/pkg/client/stream.go:15.22,17.3 1 7
github.com/robocat-ai/robocat/pkg/client/stream.go:23.47,24.14 1 18
github.com/robocat-ai/robocat/pkg/client/stream.go:28.2,32.12 4 17
github.com/robocat-ai/robocat/pkg/client/stream.go:24.14,26.3 1 1
github.com/robocat-ai/robocat/pkg/client/stream.go:35.57,36.6 1 3
github.com/robocat-ai/robocat/pkg/client/stream.go:36.6,38.10 2 18
github.com/robocat-ai/robocat/pkg/client/stream.go:42.3,42.17 1 15
github.com/robocat-ai/robocat/pkg/client/stream.go:38.10,39.9 1 3
github.com/robocat-ai/robocat/pkg/client/stream.go:47.47,49.2 1 18
github.com/robocat-ai/robocat/pkg/client/stream.go:52.36,56.2 3 7
github.com/robocat-ai/robocat/pkg/client/client.go:29.26,42.2 3 10
github.com/robocat-ai/robocat/pkg/client/client.go:44.35,45.21 1 32
github.com/robocat-ai/robocat/pkg/client/client.go:45.21,47.3 1 30
github.com/robocat-ai/robocat/pkg/client/client.go:50.56,52.2 1 4
github.com/robocat-ai/robocat/pkg/client/client.go:54.70,56.16 2 10
github.com/robocat-ai/robocat/pkg/client/client.go:60.2,60.26 1 10
github.com/robocat-ai/robocat/pkg/client/client.go:64.2,71.16 2 10
github.com/robocat-ai/robocat/pkg/client/client.go:75.2,80.16 3 7
github.com/robocat-ai/robocat/pkg/client/client.go:84.2,88.12 3 7
github.com/robocat-ai/robocat/pkg/client/client.go:56.16,58.3 1 0
github.com/robocat-ai/robocat/pkg/client/client.go:60.26,62.3 1 10
github.com/robocat-ai/robocat/pkg/client/client.go:71.16,73.3 1 3
github.com/robocat-ai/robocat/pkg/client/client.go:80.16,82.3 1 0
github.com/robocat-ai/robocat/pkg/client/client.go:91.32,92.19 1 15
github.com/robocat-ai/robocat/pkg/client/client.go:97.2,97.12 1 3
github.com/robocat-ai/robocat/pkg/client/client.go:92.19,95.3 2 12
github.com/robocat-ai/robocat/pkg/client/client.go:100.37,101.6 1 7
github.com/robocat-ai/robocat/pkg/client/client.go:101.6,102.10 1 36
github.com/robocat-ai/robocat/pkg/client/client.go:103.23,104.10 1 7
github.com/robocat-ai/robocat/pkg/client/client.go:105.11,107.18 2 29
github.com/robocat-ai/robocat/pkg/client/client.go:113.4,113.36 1 24
github.com/robocat-ai/robocat/pkg/client/client.go:107.18,110.13 3 5
github.com/robocat-ai/robocat/pkg/client/client.go:120.47,122.2 1 3
github.com/robocat-ai/robocat/pkg/client/client.go:124.43,125.20 1 3
github.com/robocat-ai/robocat/pkg/client/client.go:131.2,131.16 1 3
github.com/robocat-ai/robocat/pkg/client/client.go:125.20,129.3 1 1
github.com/robocat-ai/robocat/pkg/client/credentials.go:10.51,11.26 1 10
github.com/robocat-ai/robocat/pkg/client/credentials.go:15.2,15.49 1 10
github.com/robocat-ai/robocat/pkg/client/credentials.go:11.26,13.3 1 0
github.com/robocat-ai/robocat/pkg/client/input.go:16.57,17.21 1 3
github.com/robocat-ai/robocat/pkg/client/input.go:21.2,22.16 2 3
github.com/robocat-ai/robocat/pkg/client/input.go:26.2,29.67 3 3
github.com/robocat-ai/robocat/pkg/client/input.go:40.2,44.16 3 3
github.com/robocat-ai/robocat/pkg/client/input.go:48.2,48.12 1 3
github.com/robocat-ai/robocat/pkg/client/input.go:17.21,19.3 1 0
github.com/robocat-ai/robocat/pkg/client/input.go:22.16,24.3 1 0
github.com/robocat-ai/robocat/pkg/client/input.go:29.67,30.25 1 3
github.com/robocat-ai/robocat/pkg/client/input.go:38.3,38.12 1 3
github.com/robocat-ai/robocat/pkg/client/input.go:30.25,32.4 1 0
github.com/robocat-ai/robocat/pkg/client/input.go:32.9,32.34 1 3
github.com/robocat-ai/robocat/pkg/client/input.go:32.34,34.4 1 0
github.com/robocat-ai/robocat/pkg/client/input.go:34.9,34.26 1 3
github.com/robocat-ai/robocat/pkg/client/input.go:34.26,36.4 1 0
github.com/robocat-ai/robocat/pkg/client/input.go:44.16,46.3 1 0
github.com/robocat-ai/robocat/pkg/client/message.go:11.72,13.16 2 8
github.com/robocat-ai/robocat/pkg/client/message.go:17.2,20.21 3 8
github.com/robocat-ai/robocat/pkg/client/message.go:13.16,15.3 1 0
github.com/robocat-ai/robocat/pkg/client/message.go:23.80,25.16 2 8
github.com/robocat-ai/robocat/pkg/client/message.go:29.2,32.16 3 8
github.com/robocat-ai/robocat/pkg/client/message.go:36.2,37.16 2 8
github.com/robocat-ai/robocat/pkg/client/message.go:41.2,41.25 1 8
github.com/robocat-ai/robocat/pkg/client/message.go:25.16,27.3 1 0
github.com/robocat-ai/robocat/pkg/client/message.go:32.16,34.3 1 0
github.com/robocat-ai/robocat/pkg/client/message.go:37.16,39.3 1 0
github.com/robocat-ai/robocat/pkg/client/message.go:44.57,46.16 2 24
github.com/robocat-ai/robocat/pkg/client/message.go:50.2,50.31 1 24
github.com/robocat-ai/robocat/pkg/client/message.go:54.2,54.21 1 24
github.com/robocat-ai/robocat/pkg/client/message.go:46.16,48.3 1 0
github.com/robocat-ai/robocat/pkg/client/message.go:50.31,52.3 1 0
github.com/robocat-ai/robocat/pkg/client/message.go:57.52,59.16 2 29
github.com/robocat-ai/robocat/pkg/client/message.go:63.2,64.16 2 24
github.com/robocat-ai/robocat/pkg/client/message.go:68.2,68.17 1 24
github.com/robocat-ai/robocat/pkg/client/message.go:59.16,61.3 1 5
github.com/robocat-ai/robocat/pkg/client/message.go:64.16,66.3 1 0
